2025-09-28 21:21:54,265 - INFO - Connected to DuckDB
2025-09-28 21:21:57,723 - INFO - Cleaning complete
2025-09-28 21:30:29,803 - INFO - Connected to DuckDB
2025-09-28 21:30:33,114 - INFO - Cleaning complete
2025-09-28 21:33:03,864 - INFO - Connected to DuckDB
2025-09-28 21:33:07,053 - INFO - Cleaning complete
2025-09-28 21:35:31,950 - INFO - Connected to DuckDB
2025-09-28 21:35:34,721 - INFO - Cleaning complete
2025-09-29 16:44:30,907 - INFO - Connected to DuckDB
2025-09-29 16:44:38,518 - INFO - yellow_2024_clean (raw): 36,189,123 | (cleaned): 35,632,629 | removed: 556,494
2025-09-29 16:44:38,518 - INFO - Verification for yellow_2024_clean:
2025-09-29 16:44:38,519 - INFO -  zero_passengers: 0
2025-09-29 16:44:38,520 - INFO -    zero_distance: 0
2025-09-29 16:44:38,520 - INFO -   over_100_miles: 0
2025-09-29 16:44:38,543 - INFO -       over_1_day: 0
2025-09-29 16:44:38,764 - INFO -       duplicates: 0
2025-09-29 16:44:38,764 - INFO - All constraints satisfied.
2025-09-29 16:44:39,102 - INFO - green_2024_clean (raw): 595,637 | (cleaned): 594,314 | removed: 1,323
2025-09-29 16:44:39,102 - INFO - Verification for green_2024_clean:
2025-09-29 16:44:39,102 - INFO -  zero_passengers: 0
2025-09-29 16:44:39,103 - INFO -    zero_distance: 0
2025-09-29 16:44:39,103 - INFO -   over_100_miles: 0
2025-09-29 16:44:39,104 - INFO -       over_1_day: 0
2025-09-29 16:44:39,110 - INFO -       duplicates: 0
2025-09-29 16:44:39,110 - INFO - All constraints satisfied.
2025-09-29 16:44:39,110 - INFO - Cleaning complete
2025-09-29 20:07:50,011 - INFO - Connected to DuckDB
2025-09-29 20:07:50,025 - ERROR - Cleaning failed
Traceback (most recent call last):
  File "/Users/tylerabele/Desktop/Data-Science/3rd-Year/DS_3022/ds3022-data-project-1/clean.py", line 108, in main
    with duckdb.connect(DB_FILE, read_only=False) as con:
         ^^^^^^^^^^^^^^^^^^^^^^^^^^^^^^^^^^^^^^^^
  File "/Users/tylerabele/Desktop/Data-Science/3rd-Year/DS_3022/ds3022-data-project-1/clean.py", line 112, in main
    clean_table(
  File "/Users/tylerabele/Desktop/Data-Science/3rd-Year/DS_3022/ds3022-data-project-1/clean.py", line 81, in clean_table
    raw = con.execute(f"SELECT COUNT(*) FROM {tbl}").fetchone()[0]
          ^^^^^^^^^^^^^^^^^^^^^^^^^^^^^^^^^^^^^^^^^^
duckdb.duckdb.CatalogException: Catalog Error: Table with name yellow_clean does not exist!
Did you mean "yellow"?

LINE 1: SELECT COUNT(*) FROM yellow_clean
                             ^
2025-09-29 20:22:48,296 - INFO - Connected to DuckDB
2025-09-29 20:22:48,305 - ERROR - Cleaning failed
Traceback (most recent call last):
  File "/Users/tylerabele/Desktop/Data-Science/3rd-Year/DS_3022/ds3022-data-project-1/clean.py", line 108, in main
    with duckdb.connect(DB_FILE, read_only=False) as con:
         ^^^^^^^^^^^^^^^^^^^^^^^^^^^^^^^^^^^^^^^^
  File "/Users/tylerabele/Desktop/Data-Science/3rd-Year/DS_3022/ds3022-data-project-1/clean.py", line 112, in main
    clean_table(
  File "/Users/tylerabele/Desktop/Data-Science/3rd-Year/DS_3022/ds3022-data-project-1/clean.py", line 81, in clean_table
    raw = con.execute(f"SELECT COUNT(*) FROM {tbl}").fetchone()[0]
          ^^^^^^^^^^^^^^^^^^^^^^^^^^^^^^^^^^^^^^^^^^
duckdb.duckdb.CatalogException: Catalog Error: Table with name yellow_clean does not exist!
Did you mean "yellow"?

LINE 1: SELECT COUNT(*) FROM yellow_clean
                             ^
2025-09-29 20:23:39,830 - INFO - Connected to DuckDB
2025-09-29 20:47:26,149 - INFO - yellow (raw): 752,830,638 | (cleaned): 730,112,709 | removed: 22,717,929
2025-09-29 20:47:26,153 - INFO - Verification for yellow:
2025-09-29 20:47:26,385 - INFO -  zero_passengers: 93
2025-09-29 20:47:26,703 - INFO -    zero_distance: 93
2025-09-29 20:47:26,704 - INFO -   over_100_miles: 0
2025-09-29 20:47:28,084 - INFO -       over_1_day: 93
2025-09-29 20:48:25,925 - INFO -       duplicates: 1
2025-09-29 20:48:25,929 - WARNING - One or more constraints still present.
2025-09-29 20:48:36,961 - INFO - green (raw): 67,647,679 | (cleaned): 64,526,253 | removed: 3,121,426
2025-09-29 20:48:36,962 - INFO - Verification for green:
2025-09-29 20:48:36,968 - INFO -  zero_passengers: 0
2025-09-29 20:48:36,969 - INFO -    zero_distance: 0
2025-09-29 20:48:36,970 - INFO -   over_100_miles: 0
2025-09-29 20:48:37,012 - INFO -       over_1_day: 0
2025-09-29 20:48:37,465 - INFO -       duplicates: 0
2025-09-29 20:48:37,466 - INFO - All constraints satisfied.
2025-09-29 20:48:37,466 - INFO - Cleaning complete
